<program>
   1: 
   2: # en hygelig hilsen
   3: navn='Dag'
  <Stmt>
    <Assignment>
      <Name>
      </Name>
      <Expr>
        <And test>
          <Not test>
            <Comparison>
              <Term>
                <Factor>
                  <Primary>
                    <atom>
                      <String Literal>
                      </String Literal>
                    </atom>
                  </Primary>
                </Factor>
              </Term>
            </Comparison>
          </Not test>
        </and test>
      </Expr>
    </Assignment>
  </Stmt>
   4: print('Hei, ', navn)
  <Stmt>
    <Exp Stmt>
      <Expr>
        <And test>
          <Not test>
            <Comparison>
              <Term>
                <Factor>
                  <Primary>
                    <atom>
                      <Name>
                      </Name>
                    </atom>
                    <Primary Suffix>
                      <Arguments>
                        <Expr>
                          <And test>
                            <Not test>
                              <Comparison>
                                <Term>
                                  <Factor>
                                    <Primary>
                                      <atom>
                                        <String Literal>
                                        </String Literal>
                                      </atom>
                                    </Primary>
                                  </Factor>
                                </Term>
                              </Comparison>
                            </Not test>
                          </and test>
                        </Expr>
                        <Expr>
                          <And test>
                            <Not test>
                              <Comparison>
                                <Term>
                                  <Factor>
                                    <Primary>
                                      <atom>
                                        <Name>
                                        </Name>
                                      </atom>
                                    </Primary>
                                  </Factor>
                                </Term>
                              </Comparison>
                            </Not test>
                          </and test>
                        </Expr>
                      </Arguments>
                    </Primary Suffix>
                  </Primary>
                </Factor>
              </Term>
            </Comparison>
          </Not test>
        </and test>
      </Expr>
    </Exp Stmt>
  </Stmt>
</program>
PP>  navn = "Dag"

PP>  print ("Hei, ",  navn)  

